La génération a démarré 16/05/2015 11:32:54.
     1>Projet "C:\00Hollyhock\persolivar\developpement USINE\SDK HH2 6\modules olilab\19 rotation\rotation.vcxproj" sur le nœud 2 (Build cible(s)).
     1>C:\Program Files (x86)\MSBuild\Microsoft.Cpp\v4.0\V120\Microsoft.CppBuild.targets(356,5): warning MSB8004: Intermediate Directory does not end with a trailing slash.  This build instance will add the slash as it is required to allow proper evaluation of the Intermediate Directory.
     1>C:\Program Files (x86)\MSBuild\Microsoft.Cpp\v4.0\V120\Microsoft.CppBuild.targets(357,5): warning MSB8004: Output Directory does not end with a trailing slash.  This build instance will add the slash as it is required to allow proper evaluation of the Output Directory.
     1>ClCompile:
         C:\Program Files (x86)\Microsoft Visual Studio 12.0\VC\bin\CL.exe /c /Zi /nologo /W3 /WX- /O2 /Ob2 /Oi /Ot /Oy- /GL /D NDEBUG /D _WINDOWS /D _WINDLL /D _MBCS /Gm- /EHa /MT /GS /Gy /fp:precise /Zc:wchar_t /Zc:forScope /GR /Fo"C:\00Hollyhock\persolivar\developpement USINE\SDK HH2 6\modules olilab\19 rotation\Modules\All Modules\\" /Fd"C:\00Hollyhock\persolivar\developpement USINE\SDK HH2 6\modules olilab\19 rotation\Modules\All Modules\vc120.pdb" /Gd /TP /analyze- /errorReport:prompt ..\..\sdk\UserModule.cpp ..\..\sdk\UserUtils.cpp rotation.cpp
         UserModule.cpp
         UserUtils.cpp
         rotation.cpp
       Link:
         C:\Program Files (x86)\Microsoft Visual Studio 12.0\VC\bin\link.exe /ERRORREPORT:PROMPT /OUT:"C:\00Hollyhock\persolivar\developpement USINE\SDK HH2 6\modules olilab\19 rotation\Modules\All Modules\rotation.usr-win32" /INCREMENTAL:NO /NOLOGO kernel32.lib user32.lib gdi32.lib winspool.lib comdlg32.lib advapi32.lib shell32.lib ole32.lib oleaut32.lib uuid.lib odbc32.lib odbccp32.lib /MANIFEST /MANIFESTUAC:"level='asInvoker' uiAccess='false'" /manifest:embed /SUBSYSTEM:WINDOWS /OPT:REF /OPT:ICF /LTCG /TLBID:1 /DYNAMICBASE /NXCOMPAT /IMPLIB:"C:\00Hollyhock\persolivar\developpement USINE\SDK HH2 6\modules olilab\19 rotation\Modules\All Modules\rotation.lib" /MACHINE:X86 /SAFESEH /DLL "C:\00Hollyhock\persolivar\developpement USINE\SDK HH2 6\modules olilab\19 rotation\Modules\All Modules\UserModule.obj"
         "C:\00Hollyhock\persolivar\developpement USINE\SDK HH2 6\modules olilab\19 rotation\Modules\All Modules\UserUtils.obj"
         "C:\00Hollyhock\persolivar\developpement USINE\SDK HH2 6\modules olilab\19 rotation\Modules\All Modules\rotation.obj"
            Création de la bibliothèque C:\00Hollyhock\persolivar\developpement USINE\SDK HH2 6\modules olilab\19 rotation\Modules\All Modules\rotation.lib et de l'objet C:\00Hollyhock\persolivar\developpement USINE\SDK HH2 6\modules olilab\19 rotation\Modules\All Modules\rotation.exp
         Génération de code en cours
         Fin de la génération du code
         rotation.vcxproj -> C:\00Hollyhock\persolivar\developpement USINE\SDK HH2 6\modules olilab\19 rotation\Modules\All Modules\rotation.usr-win32
       PostBuildEvent:
         xcopy /e /i /y "C:\00Hollyhock\persolivar\developpement USINE\SDK HH2 6\modules olilab\19 rotation\Modules\All Modules\rotation.usr-win32" "..\..\bin\All Modules\" 
         xcopy /e /i /y "C:\00Hollyhock\persolivar\developpement USINE\SDK HH2 6\modules olilab\19 rotation\Modules\All Modules\rotation.usr-win32" "Modules\All Modules\"
         :VCEnd
         C:\00Hollyhock\persolivar\developpement USINE\SDK HH2 6\modules olilab\19 rotation\Modules\All Modules\rotation.usr-win32
         1 fichier(s) copié(s)
         0 fichier(s) copié(s)
         Impossible de réaliser une copie cyclique
     1>C:\Program Files (x86)\MSBuild\Microsoft.Cpp\v4.0\V120\Microsoft.CppCommon.targets(132,5): error MSB3073: La commande "xcopy /e /i /y "C:\00Hollyhock\persolivar\developpement USINE\SDK HH2 6\modules olilab\19 rotation\Modules\All Modules\rotation.usr-win32" "..\..\bin\All Modules\" 
C:\Program Files (x86)\MSBuild\Microsoft.Cpp\v4.0\V120\Microsoft.CppCommon.targets(132,5): error MSB3073: xcopy /e /i /y "C:\00Hollyhock\persolivar\developpement USINE\SDK HH2 6\modules olilab\19 rotation\Modules\All Modules\rotation.usr-win32" "Modules\All Modules\"
C:\Program Files (x86)\MSBuild\Microsoft.Cpp\v4.0\V120\Microsoft.CppCommon.targets(132,5): error MSB3073: :VCEnd" s'est arrêtée avec le code 4.
     1>Génération du projet "C:\00Hollyhock\persolivar\developpement USINE\SDK HH2 6\modules olilab\19 rotation\rotation.vcxproj" terminée (Build cible(s)) -- ÉCHEC.

ÉCHEC de la build.

Temps écoulé 00:00:04.10
